<?xml version="1.0" encoding="utf-8" standalone="no"?>
<test-run id="2" testcasecount="3" result="Failed" total="1" passed="0" failed="1" inconclusive="0" skipped="0" asserts="8" engine-version="3.6.1.0" clr-version="4.0.30319.42000" start-time="2017-10-24 18:31:28Z" end-time="2017-10-24 18:31:36Z" duration="8.221776">
  <command-line><![CDATA["..\packages\NUnit.ConsoleRunner.3.6.1\tools\nunit3-console.exe"  /work:".\Reporting\reportUnitReport" --where cat='smoke' --result="TestResults.xml" ".\bin\Debug\AcceptanceTests.dll"]]></command-line>
  <filter>
    <cat>smoke</cat>
  </filter>
  <test-suite type="Assembly" id="0-1006" name="AcceptanceTests.dll" fullname="C:\Users\yarlagadda_r\MyLearning\acceptanceTests\AcceptanceTests\AcceptanceTests\bin\Debug\AcceptanceTests.dll" runstate="Runnable" testcasecount="3" result="Failed" site="Child" start-time="2017-10-24 18:31:28Z" end-time="2017-10-24 18:31:36Z" duration="7.513819" total="1" passed="0" failed="1" warnings="0" inconclusive="0" skipped="0" asserts="8">
    <environment framework-version="3.8.1.0" clr-version="4.0.30319.42000" os-version="Microsoft Windows NT 6.1.7601 Service Pack 1" platform="Win32NT" cwd="C:\Users\yarlagadda_r\MyLearning\acceptanceTests\AcceptanceTests\AcceptanceTests" machine-name="ED-20564-LAP" user="Yarlagadda_R" user-domain="BDS" culture="en-GB" uiculture="en-US" os-architecture="x64" />
    <settings>
      <setting name="DisposeRunners" value="True" />
      <setting name="WorkDirectory" value=".\Reporting\reportUnitReport" />
      <setting name="ImageRuntimeVersion" value="4.0.30319" />
      <setting name="ImageTargetFrameworkName" value=".NETFramework,Version=v4.5.2" />
      <setting name="ImageRequiresX86" value="False" />
      <setting name="ImageRequiresDefaultAppDomainAssemblyResolver" value="False" />
      <setting name="NumberOfTestWorkers" value="4" />
    </settings>
    <properties>
      <property name="_PID" value="14780" />
      <property name="_APPDOMAIN" value="domain-" />
    </properties>
    <failure>
      <message><![CDATA[One or more child tests had errors]]></message>
    </failure>
    <test-suite type="TestSuite" id="0-1007" name="AcceptanceTests" fullname="AcceptanceTests" runstate="Runnable" testcasecount="3" result="Failed" site="Child" start-time="2017-10-24 18:31:28Z" end-time="2017-10-24 18:31:36Z" duration="7.491799" total="1" passed="0" failed="1" warnings="0" inconclusive="0" skipped="0" asserts="8">
      <properties />
      <failure>
        <message><![CDATA[One or more child tests had errors]]></message>
      </failure>
      <test-suite type="TestSuite" id="0-1008" name="Com_Testing_AcceptanceTests" fullname="AcceptanceTests.Com_Testing_AcceptanceTests" runstate="Runnable" testcasecount="3" result="Failed" site="Child" start-time="2017-10-24 18:31:28Z" end-time="2017-10-24 18:31:36Z" duration="7.489059" total="1" passed="0" failed="1" warnings="0" inconclusive="0" skipped="0" asserts="8">
        <properties />
        <failure>
          <message><![CDATA[One or more child tests had errors]]></message>
        </failure>
        <test-suite type="TestSuite" id="0-1009" name="Features" fullname="AcceptanceTests.Com_Testing_AcceptanceTests.Features" runstate="Runnable" testcasecount="3" result="Failed" site="Child" start-time="2017-10-24 18:31:28Z" end-time="2017-10-24 18:31:36Z" duration="7.489039" total="1" passed="0" failed="1" warnings="0" inconclusive="0" skipped="0" asserts="8">
          <properties />
          <failure>
            <message><![CDATA[One or more child tests had errors]]></message>
          </failure>
          <test-suite type="TestFixture" id="0-1000" name="CityWeatherForecastFeature" fullname="AcceptanceTests.Com_Testing_AcceptanceTests.Features.CityWeatherForecastFeature" classname="AcceptanceTests.Com_Testing_AcceptanceTests.Features.CityWeatherForecastFeature" runstate="Runnable" testcasecount="3" result="Failed" site="Child" start-time="2017-10-24 18:31:28Z" end-time="2017-10-24 18:31:36Z" duration="7.483793" total="1" passed="0" failed="1" warnings="0" inconclusive="0" skipped="0" asserts="8">
            <properties>
              <property name="Description" value="CityWeatherForecast" />
            </properties>
            <failure>
              <message><![CDATA[One or more child tests had errors]]></message>
            </failure>
            <output><![CDATA[-> Using app.config
]]></output>
            <test-suite type="ParameterizedMethod" id="0-1002" name="Get5DayForecast" fullname="AcceptanceTests.Com_Testing_AcceptanceTests.Features.CityWeatherForecastFeature.Get5DayForecast" classname="AcceptanceTests.Com_Testing_AcceptanceTests.Features.CityWeatherForecastFeature" runstate="Runnable" testcasecount="1" result="Failed" site="Child" start-time="2017-10-24 18:31:29Z" end-time="2017-10-24 18:31:36Z" duration="7.057681" total="1" passed="0" failed="1" warnings="0" inconclusive="0" skipped="0" asserts="8">
              <properties>
                <property name="Description" value="Get 5 day forecast" />
                <property name="Category" value="smoke" />
              </properties>
              <failure>
                <message><![CDATA[One or more child tests had errors]]></message>
              </failure>
              <test-case id="0-1001" name="Get5DayForecast(&quot;Edinburgh&quot;,null)" fullname="AcceptanceTests.Com_Testing_AcceptanceTests.Features.CityWeatherForecastFeature.Get5DayForecast(&quot;Edinburgh&quot;,null)" methodname="Get5DayForecast" classname="AcceptanceTests.Com_Testing_AcceptanceTests.Features.CityWeatherForecastFeature" runstate="Runnable" seed="1814745692" result="Failed" start-time="2017-10-24 18:31:29Z" end-time="2017-10-24 18:31:36Z" duration="7.047934" asserts="8">
                <properties />
                <failure>
                  <message><![CDATA[  Dates does not match
  Expected: 24
  But was:  20
]]></message>
                  <stack-trace><![CDATA[   at AcceptanceTests.Com.Testing.AcceptanceTests.PageObjects.WeatherForeCastPage.is5DayForeCastDisplayed() in C:\Users\yarlagadda_r\MyLearning\acceptanceTests\AcceptanceTests\AcceptanceTests\Com.Testing.AcceptanceTests\PageObjects\WeatherForeCastPage.cs:line 48
   at AcceptanceTests.Com.Testing.AcceptanceTests.StepDefinitions.WeatherForecastStepDefinitions.ThenIShouldSeeDayWeatherForecast(Int32 p0) in C:\Users\yarlagadda_r\MyLearning\acceptanceTests\AcceptanceTests\AcceptanceTests\Com.Testing.AcceptanceTests\StepDefinitions\WeatherForecastStepDefinitions.cs:line 34
   at TechTalk.SpecFlow.Bindings.BindingInvoker.InvokeBinding(IBinding binding, IContextManager contextManager, Object[] arguments, ITestTracer testTracer, TimeSpan& duration)
   at TechTalk.SpecFlow.Infrastructure.TestExecutionEngine.ExecuteStepMatch(BindingMatch match, Object[] arguments)
   at TechTalk.SpecFlow.Infrastructure.TestExecutionEngine.ExecuteStep(IContextManager contextManager, StepInstance stepInstance)
   at TechTalk.SpecFlow.Infrastructure.TestExecutionEngine.OnAfterLastStep()
   at AcceptanceTests.Com_Testing_AcceptanceTests.Features.CityWeatherForecastFeature.ScenarioCleanup()
   at AcceptanceTests.Com_Testing_AcceptanceTests.Features.CityWeatherForecastFeature.Get5DayForecast(String city, String[] exampleTags) in C:\Users\yarlagadda_r\MyLearning\acceptanceTests\AcceptanceTests\AcceptanceTests\Com.Testing.AcceptanceTests\Features\CityWeatherForecast.feature:line 10
]]></stack-trace>
                </failure>
                <output><![CDATA[Loading data for environment: TEST 
APP.CONFIG:: Key-browser Value-Chrome 
Given I have navigated to test site
-> done: WeatherForecastStepDefinitions.GivenIHaveNavigatedToTestSite() (0.8s)
When I have entered Edinburgh name
-> done: WeatherForecastStepDefinitions.WhenIHaveEnteredEdinburghName() (0.9s)
Then I should see 5 day weather forecast
-> error:   Dates does not match
  Expected: 24
  But was:  20

]]></output>
                <assertions>
                  <assertion result="Failed">
                    <message><![CDATA[  Dates does not match
  Expected: 24
  But was:  20
]]></message>
                    <stack-trace><![CDATA[   at AcceptanceTests.Com.Testing.AcceptanceTests.PageObjects.WeatherForeCastPage.is5DayForeCastDisplayed() in C:\Users\yarlagadda_r\MyLearning\acceptanceTests\AcceptanceTests\AcceptanceTests\Com.Testing.AcceptanceTests\PageObjects\WeatherForeCastPage.cs:line 48
   at AcceptanceTests.Com.Testing.AcceptanceTests.StepDefinitions.WeatherForecastStepDefinitions.ThenIShouldSeeDayWeatherForecast(Int32 p0) in C:\Users\yarlagadda_r\MyLearning\acceptanceTests\AcceptanceTests\AcceptanceTests\Com.Testing.AcceptanceTests\StepDefinitions\WeatherForecastStepDefinitions.cs:line 34
   at TechTalk.SpecFlow.Bindings.BindingInvoker.InvokeBinding(IBinding binding, IContextManager contextManager, Object[] arguments, ITestTracer testTracer, TimeSpan& duration)
   at TechTalk.SpecFlow.Infrastructure.TestExecutionEngine.ExecuteStepMatch(BindingMatch match, Object[] arguments)
   at TechTalk.SpecFlow.Infrastructure.TestExecutionEngine.ExecuteStep(IContextManager contextManager, StepInstance stepInstance)
   at TechTalk.SpecFlow.Infrastructure.TestExecutionEngine.OnAfterLastStep()
   at AcceptanceTests.Com_Testing_AcceptanceTests.Features.CityWeatherForecastFeature.ScenarioCleanup()
   at AcceptanceTests.Com_Testing_AcceptanceTests.Features.CityWeatherForecastFeature.Get5DayForecast(String city, String[] exampleTags) in C:\Users\yarlagadda_r\MyLearning\acceptanceTests\AcceptanceTests\AcceptanceTests\Com.Testing.AcceptanceTests\Features\CityWeatherForecast.feature:line 10
]]></stack-trace>
                  </assertion>
                </assertions>
              </test-case>
            </test-suite>
          </test-suite>
        </test-suite>
      </test-suite>
    </test-suite>
  </test-suite>
</test-run>